{
  "stats": {
    "suites": 1,
    "tests": 1,
    "passes": 1,
    "pending": 0,
    "failures": 0,
    "start": "2023-10-03T12:15:46.229Z",
    "end": "2023-10-03T12:15:51.976Z",
    "duration": 5747,
    "testsRegistered": 1,
    "passPercent": 100,
    "pendingPercent": 0,
    "other": 0,
    "hasOther": false,
    "skipped": 0,
    "hasSkipped": false
  },
  "results": [
    {
      "uuid": "ab6287bf-ae71-44de-abc2-75f7af2a3018",
      "title": "",
      "fullFile": "cypress\\e2e\\framwork\\framwork13\\login\\login2.cy.js",
      "file": "cypress\\e2e\\framwork\\framwork13\\login\\login2.cy.js",
      "beforeHooks": [],
      "afterHooks": [],
      "tests": [],
      "suites": [
        {
          "uuid": "a38bc6f9-dd55-4fcc-898a-7562a7b53bac",
          "title": "Run only this folder",
          "fullFile": "",
          "file": "",
          "beforeHooks": [],
          "afterHooks": [],
          "tests": [
            {
              "title": " login test with valid creadential",
              "fullTitle": "Run only this folder  login test with valid creadential",
              "timedOut": null,
              "duration": 5355,
              "state": "passed",
              "speed": "medium",
              "pass": true,
              "fail": false,
              "pending": false,
              "context": null,
              "code": "cy.visit(\"/\"); // The base url is set in \"cypress.config.js\" file and we can use it globally\n//login\ncy.get(\"#username-input\").type(\"sajid.bashir+mh3@kwanso.com\");\ncy.get(\"#password-input\").type(\"Test#123{Enter}\");",
              "err": {},
              "uuid": "b7334bf3-b9c4-4493-83f5-0384d6a299b2",
              "parentUUID": "a38bc6f9-dd55-4fcc-898a-7562a7b53bac",
              "isHook": false,
              "skipped": false
            }
          ],
          "suites": [],
          "passes": [
            "b7334bf3-b9c4-4493-83f5-0384d6a299b2"
          ],
          "failures": [],
          "pending": [],
          "skipped": [],
          "duration": 5355,
          "root": false,
          "rootEmpty": false,
          "_timeout": 2000
        }
      ],
      "passes": [],
      "failures": [],
      "pending": [],
      "skipped": [],
      "duration": 0,
      "root": true,
      "rootEmpty": true,
      "_timeout": 2000
    }
  ],
  "meta": {
    "mocha": {
      "version": "7.0.1"
    },
    "mochawesome": {
      "options": {
        "quiet": false,
        "reportFilename": "mochawesome",
        "saveHtml": true,
        "saveJson": true,
        "consoleReporter": "spec",
        "useInlineDiffs": false,
        "code": true
      },
      "version": "7.1.3"
    },
    "marge": {
      "options": null,
      "version": "6.2.0"
    }
  }
}