{
  "stats": {
    "suites": 1,
    "tests": 1,
    "passes": 1,
    "pending": 0,
    "failures": 0,
    "start": "2023-08-08T09:33:04.038Z",
    "end": "2023-08-08T09:33:14.961Z",
    "duration": 10923,
    "testsRegistered": 1,
    "passPercent": 100,
    "pendingPercent": 0,
    "other": 0,
    "hasOther": false,
    "skipped": 0,
    "hasSkipped": false
  },
  "results": [
    {
      "uuid": "7937b9d7-e56c-4d53-815a-5fc1f4d63778",
      "title": "",
      "fullFile": "cypress\\e2e\\1-CSS-slector.cy.js",
      "file": "cypress\\e2e\\1-CSS-slector.cy.js",
      "beforeHooks": [],
      "afterHooks": [],
      "tests": [],
      "suites": [
        {
          "uuid": "7c20e3cd-28c3-4027-86be-f680e63fdbfe",
          "title": "My Automation Project",
          "fullFile": "",
          "file": "",
          "beforeHooks": [],
          "afterHooks": [],
          "tests": [
            {
              "title": "CSS slector",
              "fullTitle": "My Automation Project CSS slector",
              "timedOut": null,
              "duration": 7687,
              "state": "passed",
              "speed": "medium",
              "pass": true,
              "fail": false,
              "pending": false,
              "context": null,
              "code": "cy.visit(\"https://rahulshettyacademy.com/seleniumPractise/#/\");\ncy.get(\".search-keyword\").type(\"ca\");\ncy.wait(2000);\n//below with the three different commands we find the same products\n//here we are geting the css selector for the parent class \"products\" --> see by inspection mode\ncy.get(\".products\").should(\"have.length\", 1);\n//Here we are getting the css selector for the child class \"product\" where we 4 electrets are visible\ncy.get(\".product:visible\").should(\"have.length\", 4);\n//Here we are using the .find method to find the child classes \"product\" from the parent class \"products\"\ncy.get(\".products\").find(\".product\").should(\"have.length\", 4);\n/*Here we are using .eq(\"indecx\") method to find the specifically product in present in the array having index \"2\"\nand then ckicking on \"Add to cart\" button */\ncy.get(\".products\").find(\".product\").eq(\"2\").contains(\"ADD TO CART\").click();\n//We are serching the specifcally product from the name and clickling on the add to cart button\ncy.get(\".products\").find(\".product\").each(($el, index, $list) => {\n  const textveg = $el.find(\"h4.product-name\").text();\n  if (textveg.includes(\"Cashews\")) {\n    cy.wrap($el).find(\"button\").click();\n  }\n});",
              "err": {},
              "uuid": "cb47dbff-8324-4140-9f07-31231415b384",
              "parentUUID": "7c20e3cd-28c3-4027-86be-f680e63fdbfe",
              "isHook": false,
              "skipped": false
            }
          ],
          "suites": [],
          "passes": [
            "cb47dbff-8324-4140-9f07-31231415b384"
          ],
          "failures": [],
          "pending": [],
          "skipped": [],
          "duration": 7687,
          "root": false,
          "rootEmpty": false,
          "_timeout": 2000
        }
      ],
      "passes": [],
      "failures": [],
      "pending": [],
      "skipped": [],
      "duration": 0,
      "root": true,
      "rootEmpty": true,
      "_timeout": 2000
    }
  ],
  "meta": {
    "mocha": {
      "version": "7.0.1"
    },
    "mochawesome": {
      "options": {
        "quiet": false,
        "reportFilename": "mochawesome",
        "saveHtml": true,
        "saveJson": true,
        "consoleReporter": "spec",
        "useInlineDiffs": false,
        "code": true
      },
      "version": "7.1.3"
    },
    "marge": {
      "options": null,
      "version": "6.2.0"
    }
  }
}